<?xml version="1.0" encoding="UTF-8"?>
<!-- Generated by org.testng.reporters.JUnitXMLReporter -->
<testsuite ignored="7" hostname="mac0018146" failures="1" tests="1" name="First Test" time="3.838" errors="0" timestamp="2024-09-09T13:05:54 IST">
  <testcase classname="Test.BaseClass" name="@AfterTest quit" time="3.006">
    <failure type="java.lang.NullPointerException" message="Cannot invoke &amp;quot;io.appium.java_client.AppiumDriver.quit()&amp;quot; because &amp;quot;Test.AndroidDriverConfig.driver&amp;quot; is null">
      <![CDATA[java.lang.NullPointerException: Cannot invoke "io.appium.java_client.AppiumDriver.quit()" because "Test.AndroidDriverConfig.driver" is null
at Test.AndroidDriverConfig.quit(AndroidDriverConfig.java:96)
at Test.BaseClass.quit(BaseClass.java:357)
... Removed 24 stack frames]]>
    </failure>
  </testcase> <!-- @AfterTest quit -->
  <testcase classname="Test.BaseClass" name="android" time="0.792">
    <failure type="org.openqa.selenium.SessionNotCreatedException" message="Could not start a new session. Response code 500. Message: An unknown server-side error occurred while processing the command. Original error: Neither ANDROID_HOME nor ANDROID_SDK_ROOT environment variable was exported. Read https://developer.android.com/studio/command-line/variables for more details 
Host info: host: &amp;apos;mac0018146&amp;apos;, ip: &amp;apos;fe80:0:0:0:ac:356:b3c4:d12d%en0&amp;apos;
Build info: version: &amp;apos;4.11.0&amp;apos;, revision: &amp;apos;040bc5406b&amp;apos;
System info: os.name: &amp;apos;Mac OS X&amp;apos;, os.arch: &amp;apos;x86_64&amp;apos;, os.version: &amp;apos;14.4.1&amp;apos;, java.version: &amp;apos;17.0.10&amp;apos;
Driver info: io.appium.java_client.android.AndroidDriver
Command: [null, newSession {capabilities=[{appium:app=/Users/negulati/Downloads/Appium/EFRConnect-v2.8.0.apk, appium:automationName=UiAutomator2, appium:deviceName=Pixel 6a, appium:platformVersion=14, appium:autoAcceptAlerts=true, appium:autoGrantPermissions=true, appium:newCommandTimeout=10000, platformName=ANDROID, appium:udid=35161JEGR00466}], desiredCapabilities=Capabilities {appium:app: /Users/negulati/Downloads/A..., appium:automationName: UiAutomator2, appium:deviceName: Pixel 6a, appium:platformVersion: 14, autoAcceptAlerts: true, autoGrantPermissions: true, newCommandTimeout: 10000, platformName: ANDROID, udid: 35161JEGR00466}}]
Capabilities {appium:app: /Users/negulati/Downloads/A..., appium:automationName: UiAutomator2, appium:deviceName: Pixel 6a, appium:platformVersion: 14, autoAcceptAlerts: true, autoGrantPermissions: true, newCommandTimeout: 10000, platformName: ANDROID, udid: 35161JEGR00466}">
      <![CDATA[org.openqa.selenium.SessionNotCreatedException: Could not start a new session. Response code 500. Message: An unknown server-side error occurred while processing the command. Original error: Neither ANDROID_HOME nor ANDROID_SDK_ROOT environment variable was exported. Read https://developer.android.com/studio/command-line/variables for more details 
Host info: host: 'mac0018146', ip: 'fe80:0:0:0:ac:356:b3c4:d12d%en0'
Build info: version: '4.11.0', revision: '040bc5406b'
System info: os.name: 'Mac OS X', os.arch: 'x86_64', os.version: '14.4.1', java.version: '17.0.10'
Driver info: io.appium.java_client.android.AndroidDriver
Command: [null, newSession {capabilities=[{appium:app=/Users/negulati/Downloads/Appium/EFRConnect-v2.8.0.apk, appium:automationName=UiAutomator2, appium:deviceName=Pixel 6a, appium:platformVersion=14, appium:autoAcceptAlerts=true, appium:autoGrantPermissions=true, appium:newCommandTimeout=10000, platformName=ANDROID, appium:udid=35161JEGR00466}], desiredCapabilities=Capabilities {appium:app: /Users/negulati/Downloads/A..., appium:automationName: UiAutomator2, appium:deviceName: Pixel 6a, appium:platformVersion: 14, autoAcceptAlerts: true, autoGrantPermissions: true, newCommandTimeout: 10000, platformName: ANDROID, udid: 35161JEGR00466}}]
Capabilities {appium:app: /Users/negulati/Downloads/A..., appium:automationName: UiAutomator2, appium:deviceName: Pixel 6a, appium:platformVersion: 14, autoAcceptAlerts: true, autoGrantPermissions: true, newCommandTimeout: 10000, platformName: ANDROID, udid: 35161JEGR00466}
at org.openqa.selenium.remote.ProtocolHandshake.createSession(ProtocolHandshake.java:140)
at io.appium.java_client.remote.AppiumProtocolHandshake.createSession(AppiumProtocolHandshake.java:133)
at io.appium.java_client.remote.AppiumProtocolHandshake.createSession(AppiumProtocolHandshake.java:102)
at io.appium.java_client.remote.AppiumCommandExecutor.createSession(AppiumCommandExecutor.java:182)
at io.appium.java_client.remote.AppiumCommandExecutor.execute(AppiumCommandExecutor.java:250)
at org.openqa.selenium.remote.RemoteWebDriver.execute(RemoteWebDriver.java:518)
at io.appium.java_client.AppiumDriver.startSession(AppiumDriver.java:274)
at org.openqa.selenium.remote.RemoteWebDriver.<init>(RemoteWebDriver.java:159)
at io.appium.java_client.AppiumDriver.<init>(AppiumDriver.java:89)
at io.appium.java_client.AppiumDriver.<init>(AppiumDriver.java:101)
at io.appium.java_client.android.AndroidDriver.<init>(AndroidDriver.java:113)
at Test.AndroidDriverConfig.androidSetUp(AndroidDriverConfig.java:50)
at Test.BaseClass.android(BaseClass.java:262)
at java.base/java.util.ArrayList.forEach(ArrayList.java:1511)
... Removed 31 stack frames]]>
    </failure>
  </testcase> <!-- android -->
  <testcase classname="Test.BaseClass" name="settings" time="0.0">
    <ignored/>
  </testcase> <!-- settings -->
  <testcase classname="Test.BaseClass" name="healthThermometer" time="0.0">
    <ignored/>
  </testcase> <!-- healthThermometer -->
  <testcase classname="Test.BaseClass" name="throughput" time="0.0">
    <ignored/>
  </testcase> <!-- throughput -->
  <testcase classname="Test.BaseClass" name="blinky" time="0.0">
    <ignored/>
  </testcase> <!-- blinky -->
  <testcase classname="Test.BaseClass" name="iPhone" time="0.0">
    <ignored/>
  </testcase> <!-- iPhone -->
  <testcase classname="Test.BaseClass" name="environment" time="0.0">
    <ignored/>
  </testcase> <!-- environment -->
  <testcase classname="Test.BaseClass" name="motion" time="0.0">
    <ignored/>
  </testcase> <!-- motion -->
</testsuite> <!-- First Test -->
