<?xml version="1.0" encoding="UTF-8"?>
<testng-results ignored="0" total="1" passed="1" failed="0" skipped="0">
  <reporter-output>
  </reporter-output>
  <suite started-at="2024-10-03T14:37:02 IST" name="My First Suite" finished-at="2024-10-03T14:37:11 IST" duration-ms="9179">
    <groups>
    </groups>
    <test started-at="2024-10-03T14:37:02 IST" name="BaseClass" finished-at="2024-10-03T14:37:11 IST" duration-ms="9179">
      <class name="Test.BaseClass">
        <test-method signature="androidSetUp()[pri:1, instance:Test.BaseClass@44c03695]" started-at="2024-10-03T14:37:02 IST" name="androidSetUp" finished-at="2024-10-03T14:37:08 IST" duration-ms="5846" status="PASS">
          <reporter-output>
          </reporter-output>
        </test-method> <!-- androidSetUp -->
        <test-method is-config="true" signature="quit()[pri:0, instance:Test.BaseClass@44c03695]" started-at="2024-10-03T14:37:08 IST" name="quit" finished-at="2024-10-03T14:37:11 IST" duration-ms="3296" status="PASS">
          <reporter-output>
          </reporter-output>
        </test-method> <!-- quit -->
      </class> <!-- Test.BaseClass -->
    </test> <!-- BaseClass -->
  </suite> <!-- My First Suite -->
</testng-results>
