<?xml version="1.0" encoding="UTF-8"?>
<testng-results ignored="0" total="1" passed="1" failed="0" skipped="0">
  <reporter-output>
  </reporter-output>
  <suite started-at="2024-11-09T16:43:42 IST" name="My First Suite" finished-at="2024-11-09T16:43:59 IST" duration-ms="17049">
    <groups>
    </groups>
    <test started-at="2024-11-09T16:43:42 IST" name="BaseClass" finished-at="2024-11-09T16:43:59 IST" duration-ms="17049">
      <class name="Test.BaseClass">
        <test-method signature="iOSSetUp()[pri:1, instance:Test.BaseClass@59fd97a8]" started-at="2024-11-09T16:43:42 IST" name="iOSSetUp" finished-at="2024-11-09T16:43:54 IST" duration-ms="12044" status="PASS">
          <reporter-output>
          </reporter-output>
        </test-method> <!-- iOSSetUp -->
        <test-method is-config="true" signature="quit()[pri:0, instance:Test.BaseClass@59fd97a8]" started-at="2024-11-09T16:43:54 IST" name="quit" finished-at="2024-11-09T16:43:59 IST" duration-ms="4992" status="PASS">
          <reporter-output>
          </reporter-output>
        </test-method> <!-- quit -->
      </class> <!-- Test.BaseClass -->
    </test> <!-- BaseClass -->
  </suite> <!-- My First Suite -->
</testng-results>
